<?xml version="1.0" encoding="UTF-8"?>
<testsuite xmlns:xsi="http://www.w3.org/2001/XMLSchema-instance" xsi:noNamespaceSchemaLocation="https://maven.apache.org/surefire/maven-surefire-plugin/xsd/surefire-test-report.xsd" name="hello.ApplicationTests" time="6.537" tests="5" errors="0" skipped="0" failures="0">
  <properties>
    <property name="sun.desktop" value="windows"/>
    <property name="awt.toolkit" value="sun.awt.windows.WToolkit"/>
    <property name="file.encoding.pkg" value="sun.io"/>
    <property name="java.specification.version" value="1.8"/>
    <property name="sun.cpu.isalist" value="amd64"/>
    <property name="sun.jnu.encoding" value="GBK"/>
    <property name="java.class.path" value="E:\GIT_JAVA\spring_boot_dev\spring-boot-jpa-h2\single-table\target\test-classes;E:\GIT_JAVA\spring_boot_dev\spring-boot-jpa-h2\single-table\target\classes;D:\OftenSoft\Maven\m2\repo\org\springframework\boot\spring-boot-starter-data-jpa\2.0.3.RELEASE\spring-boot-starter-data-jpa-2.0.3.RELEASE.jar;D:\OftenSoft\Maven\m2\repo\org\springframework\boot\spring-boot-starter\2.0.3.RELEASE\spring-boot-starter-2.0.3.RELEASE.jar;D:\OftenSoft\Maven\m2\repo\org\springframework\boot\spring-boot\2.0.3.RELEASE\spring-boot-2.0.3.RELEASE.jar;D:\OftenSoft\Maven\m2\repo\org\springframework\boot\spring-boot-autoconfigure\2.0.3.RELEASE\spring-boot-autoconfigure-2.0.3.RELEASE.jar;D:\OftenSoft\Maven\m2\repo\org\springframework\boot\spring-boot-starter-logging\2.0.3.RELEASE\spring-boot-starter-logging-2.0.3.RELEASE.jar;D:\OftenSoft\Maven\m2\repo\ch\qos\logback\logback-classic\1.2.3\logback-classic-1.2.3.jar;D:\OftenSoft\Maven\m2\repo\ch\qos\logback\logback-core\1.2.3\logback-core-1.2.3.jar;D:\OftenSoft\Maven\m2\repo\org\apache\logging\log4j\log4j-to-slf4j\2.10.0\log4j-to-slf4j-2.10.0.jar;D:\OftenSoft\Maven\m2\repo\org\apache\logging\log4j\log4j-api\2.10.0\log4j-api-2.10.0.jar;D:\OftenSoft\Maven\m2\repo\org\slf4j\jul-to-slf4j\1.7.25\jul-to-slf4j-1.7.25.jar;D:\OftenSoft\Maven\m2\repo\javax\annotation\javax.annotation-api\1.3.2\javax.annotation-api-1.3.2.jar;D:\OftenSoft\Maven\m2\repo\org\yaml\snakeyaml\1.19\snakeyaml-1.19.jar;D:\OftenSoft\Maven\m2\repo\org\springframework\boot\spring-boot-starter-aop\2.0.3.RELEASE\spring-boot-starter-aop-2.0.3.RELEASE.jar;D:\OftenSoft\Maven\m2\repo\org\springframework\spring-aop\5.0.7.RELEASE\spring-aop-5.0.7.RELEASE.jar;D:\OftenSoft\Maven\m2\repo\org\aspectj\aspectjweaver\1.8.13\aspectjweaver-1.8.13.jar;D:\OftenSoft\Maven\m2\repo\org\springframework\boot\spring-boot-starter-jdbc\2.0.3.RELEASE\spring-boot-starter-jdbc-2.0.3.RELEASE.jar;D:\OftenSoft\Maven\m2\repo\com\zaxxer\HikariCP\2.7.9\HikariCP-2.7.9.jar;D:\OftenSoft\Maven\m2\repo\org\springframework\spring-jdbc\5.0.7.RELEASE\spring-jdbc-5.0.7.RELEASE.jar;D:\OftenSoft\Maven\m2\repo\org\hibernate\hibernate-core\5.2.17.Final\hibernate-core-5.2.17.Final.jar;D:\OftenSoft\Maven\m2\repo\org\jboss\logging\jboss-logging\3.3.2.Final\jboss-logging-3.3.2.Final.jar;D:\OftenSoft\Maven\m2\repo\org\hibernate\javax\persistence\hibernate-jpa-2.1-api\1.0.2.Final\hibernate-jpa-2.1-api-1.0.2.Final.jar;D:\OftenSoft\Maven\m2\repo\org\javassist\javassist\3.22.0-GA\javassist-3.22.0-GA.jar;D:\OftenSoft\Maven\m2\repo\antlr\antlr\2.7.7\antlr-2.7.7.jar;D:\OftenSoft\Maven\m2\repo\org\jboss\jandex\2.0.3.Final\jandex-2.0.3.Final.jar;D:\OftenSoft\Maven\m2\repo\com\fasterxml\classmate\1.3.4\classmate-1.3.4.jar;D:\OftenSoft\Maven\m2\repo\dom4j\dom4j\1.6.1\dom4j-1.6.1.jar;D:\OftenSoft\Maven\m2\repo\org\hibernate\common\hibernate-commons-annotations\5.0.1.Final\hibernate-commons-annotations-5.0.1.Final.jar;D:\OftenSoft\Maven\m2\repo\javax\transaction\javax.transaction-api\1.2\javax.transaction-api-1.2.jar;D:\OftenSoft\Maven\m2\repo\org\springframework\data\spring-data-jpa\2.0.8.RELEASE\spring-data-jpa-2.0.8.RELEASE.jar;D:\OftenSoft\Maven\m2\repo\org\springframework\data\spring-data-commons\2.0.8.RELEASE\spring-data-commons-2.0.8.RELEASE.jar;D:\OftenSoft\Maven\m2\repo\org\springframework\spring-orm\5.0.7.RELEASE\spring-orm-5.0.7.RELEASE.jar;D:\OftenSoft\Maven\m2\repo\org\springframework\spring-context\5.0.7.RELEASE\spring-context-5.0.7.RELEASE.jar;D:\OftenSoft\Maven\m2\repo\org\springframework\spring-expression\5.0.7.RELEASE\spring-expression-5.0.7.RELEASE.jar;D:\OftenSoft\Maven\m2\repo\org\springframework\spring-tx\5.0.7.RELEASE\spring-tx-5.0.7.RELEASE.jar;D:\OftenSoft\Maven\m2\repo\org\springframework\spring-beans\5.0.7.RELEASE\spring-beans-5.0.7.RELEASE.jar;D:\OftenSoft\Maven\m2\repo\org\slf4j\slf4j-api\1.7.25\slf4j-api-1.7.25.jar;D:\OftenSoft\Maven\m2\repo\org\springframework\spring-aspects\5.0.7.RELEASE\spring-aspects-5.0.7.RELEASE.jar;D:\OftenSoft\Maven\m2\repo\mysql\mysql-connector-java\5.1.46\mysql-connector-java-5.1.46.jar;D:\OftenSoft\Maven\m2\repo\com\h2database\h2\1.4.197\h2-1.4.197.jar;D:\OftenSoft\Maven\m2\repo\org\projectlombok\lombok\1.16.22\lombok-1.16.22.jar;D:\OftenSoft\Maven\m2\repo\org\springframework\boot\spring-boot-starter-test\2.0.3.RELEASE\spring-boot-starter-test-2.0.3.RELEASE.jar;D:\OftenSoft\Maven\m2\repo\org\springframework\boot\spring-boot-test\2.0.3.RELEASE\spring-boot-test-2.0.3.RELEASE.jar;D:\OftenSoft\Maven\m2\repo\org\springframework\boot\spring-boot-test-autoconfigure\2.0.3.RELEASE\spring-boot-test-autoconfigure-2.0.3.RELEASE.jar;D:\OftenSoft\Maven\m2\repo\com\jayway\jsonpath\json-path\2.4.0\json-path-2.4.0.jar;D:\OftenSoft\Maven\m2\repo\net\minidev\json-smart\2.3\json-smart-2.3.jar;D:\OftenSoft\Maven\m2\repo\net\minidev\accessors-smart\1.2\accessors-smart-1.2.jar;D:\OftenSoft\Maven\m2\repo\org\ow2\asm\asm\5.0.4\asm-5.0.4.jar;D:\OftenSoft\Maven\m2\repo\junit\junit\4.12\junit-4.12.jar;D:\OftenSoft\Maven\m2\repo\org\assertj\assertj-core\3.9.1\assertj-core-3.9.1.jar;D:\OftenSoft\Maven\m2\repo\org\mockito\mockito-core\2.15.0\mockito-core-2.15.0.jar;D:\OftenSoft\Maven\m2\repo\net\bytebuddy\byte-buddy\1.7.11\byte-buddy-1.7.11.jar;D:\OftenSoft\Maven\m2\repo\net\bytebuddy\byte-buddy-agent\1.7.11\byte-buddy-agent-1.7.11.jar;D:\OftenSoft\Maven\m2\repo\org\objenesis\objenesis\2.6\objenesis-2.6.jar;D:\OftenSoft\Maven\m2\repo\org\hamcrest\hamcrest-core\1.3\hamcrest-core-1.3.jar;D:\OftenSoft\Maven\m2\repo\org\hamcrest\hamcrest-library\1.3\hamcrest-library-1.3.jar;D:\OftenSoft\Maven\m2\repo\org\skyscreamer\jsonassert\1.5.0\jsonassert-1.5.0.jar;D:\OftenSoft\Maven\m2\repo\com\vaadin\external\google\android-json\0.0.20131108.vaadin1\android-json-0.0.20131108.vaadin1.jar;D:\OftenSoft\Maven\m2\repo\org\springframework\spring-core\5.0.7.RELEASE\spring-core-5.0.7.RELEASE.jar;D:\OftenSoft\Maven\m2\repo\org\springframework\spring-jcl\5.0.7.RELEASE\spring-jcl-5.0.7.RELEASE.jar;D:\OftenSoft\Maven\m2\repo\org\springframework\spring-test\5.0.7.RELEASE\spring-test-5.0.7.RELEASE.jar;D:\OftenSoft\Maven\m2\repo\org\xmlunit\xmlunit-core\2.5.1\xmlunit-core-2.5.1.jar;"/>
    <property name="java.vm.vendor" value="Oracle Corporation"/>
    <property name="sun.arch.data.model" value="64"/>
    <property name="user.variant" value=""/>
    <property name="java.vendor.url" value="http://java.oracle.com/"/>
    <property name="user.timezone" value=""/>
    <property name="java.vm.specification.version" value="1.8"/>
    <property name="os.name" value="Windows 7"/>
    <property name="user.country" value="CN"/>
    <property name="sun.java.launcher" value="SUN_STANDARD"/>
    <property name="sun.boot.library.path" value="D:\OftenSoft\Java\jdk1.8.0_171\jre\bin"/>
    <property name="sun.java.command" value="C:\Users\ADMINI~1\AppData\Local\Temp\surefire8551753292577197643\surefirebooter7433835367881665044.jar C:\Users\Administrator\AppData\Local\Temp\surefire8551753292577197643 2018-08-04T23-18-58_035-jvmRun1 surefire7432259791994534672tmp surefire_01375584798624702018tmp"/>
    <property name="surefire.test.class.path" value="E:\GIT_JAVA\spring_boot_dev\spring-boot-jpa-h2\single-table\target\test-classes;E:\GIT_JAVA\spring_boot_dev\spring-boot-jpa-h2\single-table\target\classes;D:\OftenSoft\Maven\m2\repo\org\springframework\boot\spring-boot-starter-data-jpa\2.0.3.RELEASE\spring-boot-starter-data-jpa-2.0.3.RELEASE.jar;D:\OftenSoft\Maven\m2\repo\org\springframework\boot\spring-boot-starter\2.0.3.RELEASE\spring-boot-starter-2.0.3.RELEASE.jar;D:\OftenSoft\Maven\m2\repo\org\springframework\boot\spring-boot\2.0.3.RELEASE\spring-boot-2.0.3.RELEASE.jar;D:\OftenSoft\Maven\m2\repo\org\springframework\boot\spring-boot-autoconfigure\2.0.3.RELEASE\spring-boot-autoconfigure-2.0.3.RELEASE.jar;D:\OftenSoft\Maven\m2\repo\org\springframework\boot\spring-boot-starter-logging\2.0.3.RELEASE\spring-boot-starter-logging-2.0.3.RELEASE.jar;D:\OftenSoft\Maven\m2\repo\ch\qos\logback\logback-classic\1.2.3\logback-classic-1.2.3.jar;D:\OftenSoft\Maven\m2\repo\ch\qos\logback\logback-core\1.2.3\logback-core-1.2.3.jar;D:\OftenSoft\Maven\m2\repo\org\apache\logging\log4j\log4j-to-slf4j\2.10.0\log4j-to-slf4j-2.10.0.jar;D:\OftenSoft\Maven\m2\repo\org\apache\logging\log4j\log4j-api\2.10.0\log4j-api-2.10.0.jar;D:\OftenSoft\Maven\m2\repo\org\slf4j\jul-to-slf4j\1.7.25\jul-to-slf4j-1.7.25.jar;D:\OftenSoft\Maven\m2\repo\javax\annotation\javax.annotation-api\1.3.2\javax.annotation-api-1.3.2.jar;D:\OftenSoft\Maven\m2\repo\org\yaml\snakeyaml\1.19\snakeyaml-1.19.jar;D:\OftenSoft\Maven\m2\repo\org\springframework\boot\spring-boot-starter-aop\2.0.3.RELEASE\spring-boot-starter-aop-2.0.3.RELEASE.jar;D:\OftenSoft\Maven\m2\repo\org\springframework\spring-aop\5.0.7.RELEASE\spring-aop-5.0.7.RELEASE.jar;D:\OftenSoft\Maven\m2\repo\org\aspectj\aspectjweaver\1.8.13\aspectjweaver-1.8.13.jar;D:\OftenSoft\Maven\m2\repo\org\springframework\boot\spring-boot-starter-jdbc\2.0.3.RELEASE\spring-boot-starter-jdbc-2.0.3.RELEASE.jar;D:\OftenSoft\Maven\m2\repo\com\zaxxer\HikariCP\2.7.9\HikariCP-2.7.9.jar;D:\OftenSoft\Maven\m2\repo\org\springframework\spring-jdbc\5.0.7.RELEASE\spring-jdbc-5.0.7.RELEASE.jar;D:\OftenSoft\Maven\m2\repo\org\hibernate\hibernate-core\5.2.17.Final\hibernate-core-5.2.17.Final.jar;D:\OftenSoft\Maven\m2\repo\org\jboss\logging\jboss-logging\3.3.2.Final\jboss-logging-3.3.2.Final.jar;D:\OftenSoft\Maven\m2\repo\org\hibernate\javax\persistence\hibernate-jpa-2.1-api\1.0.2.Final\hibernate-jpa-2.1-api-1.0.2.Final.jar;D:\OftenSoft\Maven\m2\repo\org\javassist\javassist\3.22.0-GA\javassist-3.22.0-GA.jar;D:\OftenSoft\Maven\m2\repo\antlr\antlr\2.7.7\antlr-2.7.7.jar;D:\OftenSoft\Maven\m2\repo\org\jboss\jandex\2.0.3.Final\jandex-2.0.3.Final.jar;D:\OftenSoft\Maven\m2\repo\com\fasterxml\classmate\1.3.4\classmate-1.3.4.jar;D:\OftenSoft\Maven\m2\repo\dom4j\dom4j\1.6.1\dom4j-1.6.1.jar;D:\OftenSoft\Maven\m2\repo\org\hibernate\common\hibernate-commons-annotations\5.0.1.Final\hibernate-commons-annotations-5.0.1.Final.jar;D:\OftenSoft\Maven\m2\repo\javax\transaction\javax.transaction-api\1.2\javax.transaction-api-1.2.jar;D:\OftenSoft\Maven\m2\repo\org\springframework\data\spring-data-jpa\2.0.8.RELEASE\spring-data-jpa-2.0.8.RELEASE.jar;D:\OftenSoft\Maven\m2\repo\org\springframework\data\spring-data-commons\2.0.8.RELEASE\spring-data-commons-2.0.8.RELEASE.jar;D:\OftenSoft\Maven\m2\repo\org\springframework\spring-orm\5.0.7.RELEASE\spring-orm-5.0.7.RELEASE.jar;D:\OftenSoft\Maven\m2\repo\org\springframework\spring-context\5.0.7.RELEASE\spring-context-5.0.7.RELEASE.jar;D:\OftenSoft\Maven\m2\repo\org\springframework\spring-expression\5.0.7.RELEASE\spring-expression-5.0.7.RELEASE.jar;D:\OftenSoft\Maven\m2\repo\org\springframework\spring-tx\5.0.7.RELEASE\spring-tx-5.0.7.RELEASE.jar;D:\OftenSoft\Maven\m2\repo\org\springframework\spring-beans\5.0.7.RELEASE\spring-beans-5.0.7.RELEASE.jar;D:\OftenSoft\Maven\m2\repo\org\slf4j\slf4j-api\1.7.25\slf4j-api-1.7.25.jar;D:\OftenSoft\Maven\m2\repo\org\springframework\spring-aspects\5.0.7.RELEASE\spring-aspects-5.0.7.RELEASE.jar;D:\OftenSoft\Maven\m2\repo\mysql\mysql-connector-java\5.1.46\mysql-connector-java-5.1.46.jar;D:\OftenSoft\Maven\m2\repo\com\h2database\h2\1.4.197\h2-1.4.197.jar;D:\OftenSoft\Maven\m2\repo\org\projectlombok\lombok\1.16.22\lombok-1.16.22.jar;D:\OftenSoft\Maven\m2\repo\org\springframework\boot\spring-boot-starter-test\2.0.3.RELEASE\spring-boot-starter-test-2.0.3.RELEASE.jar;D:\OftenSoft\Maven\m2\repo\org\springframework\boot\spring-boot-test\2.0.3.RELEASE\spring-boot-test-2.0.3.RELEASE.jar;D:\OftenSoft\Maven\m2\repo\org\springframework\boot\spring-boot-test-autoconfigure\2.0.3.RELEASE\spring-boot-test-autoconfigure-2.0.3.RELEASE.jar;D:\OftenSoft\Maven\m2\repo\com\jayway\jsonpath\json-path\2.4.0\json-path-2.4.0.jar;D:\OftenSoft\Maven\m2\repo\net\minidev\json-smart\2.3\json-smart-2.3.jar;D:\OftenSoft\Maven\m2\repo\net\minidev\accessors-smart\1.2\accessors-smart-1.2.jar;D:\OftenSoft\Maven\m2\repo\org\ow2\asm\asm\5.0.4\asm-5.0.4.jar;D:\OftenSoft\Maven\m2\repo\junit\junit\4.12\junit-4.12.jar;D:\OftenSoft\Maven\m2\repo\org\assertj\assertj-core\3.9.1\assertj-core-3.9.1.jar;D:\OftenSoft\Maven\m2\repo\org\mockito\mockito-core\2.15.0\mockito-core-2.15.0.jar;D:\OftenSoft\Maven\m2\repo\net\bytebuddy\byte-buddy\1.7.11\byte-buddy-1.7.11.jar;D:\OftenSoft\Maven\m2\repo\net\bytebuddy\byte-buddy-agent\1.7.11\byte-buddy-agent-1.7.11.jar;D:\OftenSoft\Maven\m2\repo\org\objenesis\objenesis\2.6\objenesis-2.6.jar;D:\OftenSoft\Maven\m2\repo\org\hamcrest\hamcrest-core\1.3\hamcrest-core-1.3.jar;D:\OftenSoft\Maven\m2\repo\org\hamcrest\hamcrest-library\1.3\hamcrest-library-1.3.jar;D:\OftenSoft\Maven\m2\repo\org\skyscreamer\jsonassert\1.5.0\jsonassert-1.5.0.jar;D:\OftenSoft\Maven\m2\repo\com\vaadin\external\google\android-json\0.0.20131108.vaadin1\android-json-0.0.20131108.vaadin1.jar;D:\OftenSoft\Maven\m2\repo\org\springframework\spring-core\5.0.7.RELEASE\spring-core-5.0.7.RELEASE.jar;D:\OftenSoft\Maven\m2\repo\org\springframework\spring-jcl\5.0.7.RELEASE\spring-jcl-5.0.7.RELEASE.jar;D:\OftenSoft\Maven\m2\repo\org\springframework\spring-test\5.0.7.RELEASE\spring-test-5.0.7.RELEASE.jar;D:\OftenSoft\Maven\m2\repo\org\xmlunit\xmlunit-core\2.5.1\xmlunit-core-2.5.1.jar;"/>
    <property name="sun.cpu.endian" value="little"/>
    <property name="user.home" value="C:\Users\Administrator"/>
    <property name="user.language" value="zh"/>
    <property name="java.specification.vendor" value="Oracle Corporation"/>
    <property name="java.home" value="D:\OftenSoft\Java\jdk1.8.0_171\jre"/>
    <property name="basedir" value="E:\GIT_JAVA\spring_boot_dev\spring-boot-jpa-h2\single-table"/>
    <property name="file.separator" value="\"/>
    <property name="line.separator" value="&#10;"/>
    <property name="java.vm.specification.vendor" value="Oracle Corporation"/>
    <property name="java.specification.name" value="Java Platform API Specification"/>
    <property name="java.awt.graphicsenv" value="sun.awt.Win32GraphicsEnvironment"/>
    <property name="surefire.real.class.path" value="C:\Users\ADMINI~1\AppData\Local\Temp\surefire8551753292577197643\surefirebooter7433835367881665044.jar"/>
    <property name="sun.boot.class.path" value="D:\OftenSoft\Java\jdk1.8.0_171\jre\lib\resources.jar;D:\OftenSoft\Java\jdk1.8.0_171\jre\lib\rt.jar;D:\OftenSoft\Java\jdk1.8.0_171\jre\lib\sunrsasign.jar;D:\OftenSoft\Java\jdk1.8.0_171\jre\lib\jsse.jar;D:\OftenSoft\Java\jdk1.8.0_171\jre\lib\jce.jar;D:\OftenSoft\Java\jdk1.8.0_171\jre\lib\charsets.jar;D:\OftenSoft\Java\jdk1.8.0_171\jre\lib\jfr.jar;D:\OftenSoft\Java\jdk1.8.0_171\jre\classes"/>
    <property name="user.script" value=""/>
    <property name="sun.management.compiler" value="HotSpot 64-Bit Tiered Compilers"/>
    <property name="java.runtime.version" value="1.8.0_171-b11"/>
    <property name="user.name" value="Administrator"/>
    <property name="path.separator" value=";"/>
    <property name="os.version" value="6.1"/>
    <property name="java.endorsed.dirs" value="D:\OftenSoft\Java\jdk1.8.0_171\jre\lib\endorsed"/>
    <property name="java.runtime.name" value="Java(TM) SE Runtime Environment"/>
    <property name="file.encoding" value="GBK"/>
    <property name="java.vm.name" value="Java HotSpot(TM) 64-Bit Server VM"/>
    <property name="localRepository" value="D:\OftenSoft\Maven\m2\repo"/>
    <property name="java.vendor.url.bug" value="http://bugreport.sun.com/bugreport/"/>
    <property name="java.io.tmpdir" value="C:\Users\ADMINI~1\AppData\Local\Temp\"/>
    <property name="java.version" value="1.8.0_171"/>
    <property name="user.dir" value="E:\GIT_JAVA\spring_boot_dev\spring-boot-jpa-h2\single-table"/>
    <property name="os.arch" value="amd64"/>
    <property name="java.vm.specification.name" value="Java Virtual Machine Specification"/>
    <property name="java.awt.printerjob" value="sun.awt.windows.WPrinterJob"/>
    <property name="sun.os.patch.level" value="Service Pack 1"/>
    <property name="java.library.path" value="D:\OftenSoft\Java\jdk1.8.0_171\jre\bin;C:\Windows\Sun\Java\bin;C:\Windows\system32;C:\Windows;C:\Users\Administrator\bin;D:\OftenSoft\Git\mingw64\bin;D:\OftenSoft\Git\usr\local\bin;D:\OftenSoft\Git\usr\bin;D:\OftenSoft\Git\usr\bin;D:\OftenSoft\Git\mingw64\bin;D:\OftenSoft\Git\usr\bin;C:\Users\Administrator\bin;C:\Program Files (x86)\Common Files\Oracle\Java\javapath;C:\Windows\system32;C:\Windows;C:\Windows\System32\Wbem;C:\Windows\System32\WindowsPowerShell\v1.0;D:\OftenSoft\Git\cmd;D:\OftenSoft\apache-maven-3.3.9\bin;D:\OftenSoft\Java\jdk1.8.0_171\bin;D:\OftenSoft\phpStudy_2018\PHPTutorial\php\php-7.0.12-nts;C:\ProgramData\ComposerSetup\bin;D:\OftenSoft\python\Python27;D:\OftenSoft\python\Python27\Scripts;C:\Users\Administrator\AppData\Roaming\Composer\vendor\bin;D:\OftenSoft\Git\usr\bin\vendor_perl;D:\OftenSoft\Git\usr\bin\core_perl;."/>
    <property name="java.vm.info" value="mixed mode"/>
    <property name="java.vendor" value="Oracle Corporation"/>
    <property name="java.vm.version" value="25.171-b11"/>
    <property name="java.ext.dirs" value="D:\OftenSoft\Java\jdk1.8.0_171\jre\lib\ext;C:\Windows\Sun\Java\lib\ext"/>
    <property name="sun.io.unicode.encoding" value="UnicodeLittle"/>
    <property name="java.class.version" value="52.0"/>
  </properties>
  <testcase name="delete" classname="hello.ApplicationTests" time="0.583"/>
  <testcase name="findAll" classname="hello.ApplicationTests" time="0.052"/>
  <testcase name="findByName" classname="hello.ApplicationTests" time="0.001"/>
  <testcase name="findByNameContaining" classname="hello.ApplicationTests" time="0.058"/>
  <testcase name="marge" classname="hello.ApplicationTests" time="0.001"/>
</testsuite>